<?xml version="1.0" encoding="UTF-8"?>
<testsuite xmlns:xsi="http://www.w3.org/2001/XMLSchema-instance" xsi:noNamespaceSchemaLocation="https://maven.apache.org/surefire/maven-surefire-plugin/xsd/surefire-test-report-3.0.xsd" version="3.0" name="TestSuite" time="37.719" tests="2" errors="0" skipped="0" failures="2">
  <properties>
[...]
</properties>
  <testcase name="basePageNavigator" classname="Academy.ValidateTitle" time="1.551">
    <failure message="expected [FEATURED COURSES1] but found [FEATURED COURSES]" type="java.lang.AssertionError"><![CDATA[java.lang.AssertionError: expected [FEATURED COURSES1] but found [FEATURED COURSES]
	at Academy.ValidateTitle.basePageNavigator(ValidateTitle.java:24)
]]></failure>
    <system-out><![CDATA[chrome
chrome
]]></system-out>
    <system-err><![CDATA[Starting ChromeDriver 80.0.3987.106 (f68069574609230cf9b635cd784cfb1bf81bb53a-refs/branch-heads/3987@{#882}) on port 20951
Only local connections areS taalrlting ChromeDriver 80.0.3987.106 (f68069574609230cf9b635cd784cfb1bf81bb53a-refs/branch-heads/39owed.
Please protect87@{#88 2}p)o ornt sp ort 44447
Only local connections areu saeldl obwye dC.hr
oPmleeDarsie vperro taencdt  rpeolrattse du sed by ChromeDriver and related test frameworks to prevent access by malicious code.
test frameworks to prevent access by malicious code.
Jun 06, 2020 12:11:11 AM org.openqa.selenium.remote.ProtocolHandshake createSession
INFO: Detected dialect: W3C
Jun 06, 2020 12:11:11 AM org.openqa.selenium.remote.ProtocolHandshake createSession
INFO: Detected dialect: W3C
[1591395072.229][SEVERE]: Timed out receiving message from renderer: 0.100
[1591395072.356][SEVERE]: Timed out receiving message from renderer: 0.100
[1591395072.457][SEVERE]: Timed out receiving message from renderer: 0.100
[1591395072.558][SEVERE]: Timed out receiving message from renderer: 0.100
[1591395072.777][SEVERE]: Timed out receiving message from renderer: 0.100
[1591395072.880][SEVERE]: Timed out receiving message from renderer: 0.100
[1591395072.981][SEVERE]: Timed out receiving message from renderer: 0.100
[1591395073.083][SEVERE]: Timed out receiving message from renderer: 0.100
[1591395073.288][SEVERE]: Timed out receiving message from renderer: 0.100
[1591395073.788][SEVERE]: Timed out receiving message from renderer: 0.100
[1591395073.888][SEVERE]: Timed out receiving message from renderer: 0.100
[1591395073.990][SEVERE]: Timed out receiving message from renderer: 0.100
[1591395074.091][SEVERE]: Timed out receiving message from renderer: 0.100
[1591395074.152][SEVERE]: Timed out receiving message from renderer: 0.100
[1591395074.201][SEVERE]: Timed out receiving message from renderer: 0.100
[1591395074.254][SEVERE]: Timed out receiving message from renderer: 0.100
[1591395074.302][SEVERE]: Timed out receiving message from renderer: 0.100
[1591395074.355][SEVERE]: Timed out receiving message from renderer: 0.100
[1591395074.410][SEVERE]: Timed out receiving message from renderer: 0.100
[1591395074.456][SEVERE]: Timed out receiving message from renderer: 0.100
[1591395074.511][SEVERE]: Timed out receiving message from renderer: 0.100
[1591395074.557][SEVERE]: Timed out receiving message from renderer: 0.100
[1591395074.613][SEVERE]: Timed out receiving message from renderer: 0.100
[1591395074.658][SEVERE]: Timed out receiving message from renderer: 0.100
[1591395074.762][SEVERE]: Timed out receiving message from renderer: 0.100
[1591395074.766][SEVERE]: Timed out receiving message from renderer: 0.100
[1591395074.863][SEVERE]: Timed out receiving message from renderer: 0.100
[1591395074.869][SEVERE]: Timed out receiving message from renderer: 0.100
[1591395074.964][SEVERE]: Timed out receiving message from renderer: 0.100
[1591395075.065][SEVERE]: Timed out receiving message from renderer: 0.100
[1591395075.166][SEVERE]: Timed out receiving message from renderer: 0.100
[1591395075.267][SEVERE]: Timed out receiving message from renderer: 0.100
[1591395075.425][SEVERE]: Timed out receiving message from renderer: 0.100
[1591395075.538][SEVERE]: Timed out receiving message from renderer: 0.100
[1591395075.640][SEVERE]: Timed out receiving message from renderer: 0.100
[1591395075.741][SEVERE]: Timed out receiving message from renderer: 0.100
[1591395075.932][SEVERE]: Timed out receiving message from renderer: 0.100
[1591395076.035][SEVERE]: Timed out receiving message from renderer: 0.100
[1591395076.136][SEVERE]: Timed out receiving message from renderer: 0.100
[1591395076.237][SEVERE]: Timed out receiving message from renderer: 0.100
[1591395076.338][SEVERE]: Timed out receiving message from renderer: 0.100
[1591395076.438][SEVERE]: Timed out receiving message from renderer: 0.100
[1591395076.540][SEVERE]: Timed out receiving message from renderer: 0.100
[1591395076.643][SEVERE]: Timed out receiving message from renderer: 0.100
[1591395076.744][SEVERE]: Timed out receiving message from renderer: 0.100
[1591395076.845][SEVERE]: Timed out receiving message from renderer: 0.100
[1591395076.945][SEVERE]: Timed out receiving message from renderer: 0.100
[1591395077.047][SEVERE]: Timed out receiving message from renderer: 0.100
[1591395077.201][SEVERE]: Timed out receiving message from renderer: 0.100
[1591395077.410][SEVERE]: Timed out receiving message from renderer: 0.100
[1591395077.593][SEVERE]: Timed out receiving message from renderer: 0.100
]]></system-err>
  </testcase>
  <testcase name="basePageNavigator" classname="Academy.HomePage" time="28.062">
    <failure message="no such element: Unable to locate element: {&quot;method&quot;:&quot;css selector&quot;,&quot;selector&quot;:&quot;a[href*=&apos;sign_in&apos;]&quot;}&#10;  (Session info: chrome=80.0.3987.149)&#10;For documentation on this error, please visit: https://www.seleniumhq.org/exceptions/no_such_element.html&#10;Build info: version: &apos;3.141.59&apos;, revision: &apos;e82be7d358&apos;, time: &apos;2018-11-14T08:17:03&apos;&#10;System info: host: &apos;DESKTOP-DC88U7M&apos;, ip: &apos;192.168.31.249&apos;, os.name: &apos;Windows 10&apos;, os.arch: &apos;amd64&apos;, os.version: &apos;10.0&apos;, java.version: &apos;11.0.6&apos;&#10;Driver info: org.openqa.selenium.chrome.ChromeDriver&#10;Capabilities {acceptInsecureCerts: false, browserName: chrome, browserVersion: 80.0.3987.149, chrome: {chromedriverVersion: 80.0.3987.106 (f68069574609..., userDataDir: C:\Users\Petar\AppData\Loca...}, goog:chromeOptions: {debuggerAddress: localhost:60778}, javascriptEnabled: true, networkConnectionEnabled: false, pageLoadStrategy: normal, platform: WINDOWS, platformName: WINDOWS, proxy: Proxy(), setWindowRect: true, strictFileInteractability: false, timeouts: {implicit: 0, pageLoad: 300000, script: 30000}, unhandledPromptBehavior: dismiss and notify}&#10;Session ID: 2c8cead9cc5968730ee7fd050cbd2301&#10;*** Element info: {Using=css selector, value=a[href*=&apos;sign_in&apos;]}" type="org.openqa.selenium.NoSuchElementException"><![CDATA[org.openqa.selenium.NoSuchElementException: 
no such element: Unable to locate element: {"method":"css selector","selector":"a[href*='sign_in']"}
  (Session info: chrome=80.0.3987.149)
For documentation on this error, please visit: https://www.seleniumhq.org/exceptions/no_such_element.html
Build info: version: '3.141.59', revision: 'e82be7d358', time: '2018-11-14T08:17:03'
System info: host: 'DESKTOP-DC88U7M', ip: '192.168.31.249', os.name: 'Windows 10', os.arch: 'amd64', os.version: '10.0', java.version: '11.0.6'
Driver info: org.openqa.selenium.chrome.ChromeDriver
Capabilities {acceptInsecureCerts: false, browserName: chrome, browserVersion: 80.0.3987.149, chrome: {chromedriverVersion: 80.0.3987.106 (f68069574609..., userDataDir: C:\Users\Petar\AppData\Loca...}, goog:chromeOptions: {debuggerAddress: localhost:60778}, javascriptEnabled: true, networkConnectionEnabled: false, pageLoadStrategy: normal, platform: WINDOWS, platformName: WINDOWS, proxy: Proxy(), setWindowRect: true, strictFileInteractability: false, timeouts: {implicit: 0, pageLoad: 300000, script: 30000}, unhandledPromptBehavior: dismiss and notify}
Session ID: 2c8cead9cc5968730ee7fd050cbd2301
*** Element info: {Using=css selector, value=a[href*='sign_in']}
	at Academy.HomePage.basePageNavigator(HomePage.java:35)
]]></failure>
    <system-err><![CDATA[[1591395081.794][SEVERE]: Timed out receiving message from renderer: 0.100
[1591395081.895][SEVERE]: Timed out receiving message from renderer: 0.100
[1591395081.996][SEVERE]: Timed out receiving message from renderer: 0.100
[1591395082.097][SEVERE]: Timed out receiving message from renderer: 0.100
[1591395082.198][SEVERE]: Timed out receiving message from renderer: 0.100
[1591395082.298][SEVERE]: Timed out receiving message from renderer: 0.100
[1591395082.399][SEVERE]: Timed out receiving message from renderer: 0.100
[1591395082.781][SEVERE]: Timed out receiving message from renderer: 0.100
[1591395089.548][SEVERE]: Timed out receiving message from renderer: 0.100
]]></system-err>
  </testcase>
</testsuite>