<?xml version="1.0" encoding="UTF-8"?>
<testng-results ignored="0" total="1" passed="1" failed="0" skipped="0">
  <reporter-output>
  </reporter-output>
  <suite started-at="2020-06-05T23:41:45 CEST" name="Default suite" finished-at="2020-06-05T23:42:06 CEST" duration-ms="20933">
    <groups>
    </groups>
    <test started-at="2020-06-05T23:41:45 CEST" name="Default test" finished-at="2020-06-05T23:42:06 CEST" duration-ms="20933">
      <class name="Academy.HomePage">
        <test-method is-config="true" signature="startup()[pri:0, instance:Academy.HomePage@51cd7ffc]" started-at="2020-06-05T23:41:45 CEST" name="startup" finished-at="2020-06-05T23:41:52 CEST" duration-ms="6623" status="PASS">
          <reporter-output>
          </reporter-output>
        </test-method> <!-- startup -->
        <test-method signature="basePageNavigator(java.lang.String, java.lang.String)[pri:0, instance:Academy.HomePage@51cd7ffc]" started-at="2020-06-05T23:41:52 CEST" name="basePageNavigator" data-provider="getData" finished-at="2020-06-05T23:42:04 CEST" duration-ms="11973" status="PASS">
          <params>
            <param index="0">
              <value>
                <![CDATA[petkec85@gmail.com]]>
              </value>
            </param>
            <param index="1">
              <value>
                <![CDATA[Kozila50]]>
              </value>
            </param>
          </params>
          <reporter-output>
          </reporter-output>
        </test-method> <!-- basePageNavigator -->
        <test-method is-config="true" signature="teardown()[pri:0, instance:Academy.HomePage@51cd7ffc]" started-at="2020-06-05T23:42:04 CEST" name="teardown" finished-at="2020-06-05T23:42:06 CEST" duration-ms="2312" status="PASS">
          <reporter-output>
          </reporter-output>
        </test-method> <!-- teardown -->
      </class> <!-- Academy.HomePage -->
    </test> <!-- Default test -->
  </suite> <!-- Default suite -->
</testng-results>
